ASSERTION	AAMAAQ1nZXQgY291bnRyaWVzAwABAgYAAAAAAAAAAAAAAAAAAAAAQAE=
RUN	com.companyname.projectname.simulations.GetCountriesSimulation	getcountriessimulation	1643120482533	 	3.7.4
USER	get countries	START	1643120484324
USER	get countries	START	1643120484368
USER	get countries	START	1643120484418
USER	get countries	START	1643120484468
USER	get countries	START	1643120484520
USER	get countries	START	1643120484568
USER	get countries	START	1643120484619
USER	get countries	START	1643120484669
USER	get countries	START	1643120484719
USER	get countries	START	1643120484770
USER	get countries	START	1643120484820
USER	get countries	START	1643120484871
USER	get countries	START	1643120484924
USER	get countries	START	1643120484974
USER	get countries	START	1643120485024
USER	get countries	START	1643120485076
USER	get countries	START	1643120485126
USER	get countries	START	1643120485176
USER	get countries	START	1643120485226
USER	get countries	START	1643120485276
REQUEST		get countries	1643120484806	1643120485809	KO	status.find.is(200), but actually found 429
USER	get countries	END	1643120485838
USER	get countries	START	1643120485839
REQUEST		get countries	1643120484341	1643120485938	KO	status.find.is(200), but actually found 403
USER	get countries	END	1643120485943
USER	get countries	START	1643120485943
REQUEST		get countries	1643120485287	1643120486320	KO	status.find.is(200), but actually found 403
USER	get countries	END	1643120486323
USER	get countries	START	1643120486323
REQUEST		get countries	1643120485807	1643120486676	KO	status.find.is(200), but actually found 403
USER	get countries	END	1643120486678
USER	get countries	START	1643120486679
REQUEST		get countries	1643120486297	1643120487133	KO	status.find.is(200), but actually found 403
USER	get countries	END	1643120487135
USER	get countries	START	1643120487135
REQUEST		get countries	1643120486816	1643120487750	KO	status.find.is(200), but actually found 403
USER	get countries	END	1643120487752
USER	get countries	START	1643120487753
REQUEST		get countries	1643120487297	1643120488211	KO	status.find.is(200), but actually found 403
USER	get countries	END	1643120488213
USER	get countries	START	1643120488214
REQUEST		get countries	1643120487816	1643120488774	KO	status.find.is(200), but actually found 403
USER	get countries	END	1643120488775
USER	get countries	START	1643120488776
REQUEST		get countries	1643120488287	1643120489327	KO	status.find.is(200), but actually found 403
USER	get countries	END	1643120489329
USER	get countries	START	1643120489330
REQUEST		get countries	1643120488807	1643120489667	KO	status.find.is(200), but actually found 403
USER	get countries	END	1643120489669
USER	get countries	START	1643120489670
REQUEST		get countries	1643120489287	1643120490209	KO	status.find.is(200), but actually found 403
USER	get countries	END	1643120490213
USER	get countries	START	1643120490214
REQUEST		get countries	1643120489807	1643120490811	KO	status.find.is(200), but actually found 403
USER	get countries	END	1643120490813
USER	get countries	START	1643120490814
REQUEST		get countries	1643120490287	1643120491129	KO	status.find.is(200), but actually found 403
USER	get countries	END	1643120491132
USER	get countries	START	1643120491133
REQUEST		get countries	1643120490806	1643120491749	KO	status.find.is(200), but actually found 403
USER	get countries	END	1643120491759
USER	get countries	START	1643120491760
REQUEST		get countries	1643120491287	1643120492290	KO	status.find.is(200), but actually found 403
USER	get countries	END	1643120492292
USER	get countries	START	1643120492293
REQUEST		get countries	1643120491806	1643120492767	KO	status.find.is(200), but actually found 403
USER	get countries	END	1643120492769
USER	get countries	START	1643120492769
REQUEST		get countries	1643120492287	1643120493295	KO	status.find.is(200), but actually found 403
USER	get countries	END	1643120493297
USER	get countries	START	1643120493297
REQUEST		get countries	1643120492807	1643120493642	KO	status.find.is(200), but actually found 403
USER	get countries	END	1643120493643
USER	get countries	START	1643120493644
REQUEST		get countries	1643120493287	1643120494201	KO	status.find.is(200), but actually found 403
USER	get countries	END	1643120494203
USER	get countries	START	1643120494203
REQUEST		get countries	1643120493807	1643120494703	KO	status.find.is(200), but actually found 403
USER	get countries	END	1643120494705
USER	get countries	START	1643120494705
REQUEST		get countries	1643120494297	1643120495153	KO	status.find.is(200), but actually found 403
USER	get countries	END	1643120495155
USER	get countries	START	1643120495155
REQUEST		get countries	1643120494417	1643120495209	KO	status.find.is(200), but actually found 403
USER	get countries	END	1643120495211
USER	get countries	START	1643120495212
REQUEST		get countries	1643120494517	1643120495335	KO	status.find.is(200), but actually found 403
USER	get countries	END	1643120495339
USER	get countries	START	1643120495340
REQUEST		get countries	1643120494617	1643120495446	KO	status.find.is(200), but actually found 403
USER	get countries	END	1643120495448
USER	get countries	START	1643120495449
REQUEST		get countries	1643120494717	1643120495492	KO	status.find.is(200), but actually found 403
USER	get countries	END	1643120495493
USER	get countries	START	1643120495494
REQUEST		get countries	1643120494816	1643120495609	KO	status.find.is(200), but actually found 403
USER	get countries	END	1643120495613
USER	get countries	START	1643120495613
REQUEST		get countries	1643120494916	1643120495693	KO	status.find.is(200), but actually found 403
USER	get countries	END	1643120495695
USER	get countries	START	1643120495696
REQUEST		get countries	1643120495016	1643120495808	KO	status.find.is(200), but actually found 403
USER	get countries	END	1643120495810
USER	get countries	START	1643120495810
REQUEST		get countries	1643120495116	1643120495923	KO	status.find.is(200), but actually found 403
USER	get countries	END	1643120495924
USER	get countries	START	1643120495925
REQUEST		get countries	1643120495217	1643120496020	KO	status.find.is(200), but actually found 403
USER	get countries	END	1643120496024
USER	get countries	START	1643120496024
REQUEST		get countries	1643120495287	1643120496165	KO	status.find.is(200), but actually found 403
USER	get countries	END	1643120496167
USER	get countries	START	1643120496167
REQUEST		get countries	1643120495407	1643120496287	KO	status.find.is(200), but actually found 403
USER	get countries	END	1643120496289
USER	get countries	START	1643120496289
REQUEST		get countries	1643120495507	1643120496360	KO	status.find.is(200), but actually found 403
USER	get countries	END	1643120496362
USER	get countries	START	1643120496362
REQUEST		get countries	1643120495606	1643120496438	KO	status.find.is(200), but actually found 403
USER	get countries	END	1643120496439
USER	get countries	START	1643120496440
REQUEST		get countries	1643120495706	1643120496511	KO	status.find.is(200), but actually found 403
USER	get countries	END	1643120496522
USER	get countries	START	1643120496523
REQUEST		get countries	1643120495807	1643120496643	KO	status.find.is(200), but actually found 403
USER	get countries	END	1643120496645
USER	get countries	START	1643120496645
REQUEST		get countries	1643120495907	1643120496677	KO	status.find.is(200), but actually found 403
USER	get countries	END	1643120496679
USER	get countries	START	1643120496680
REQUEST		get countries	1643120496007	1643120496855	KO	status.find.is(200), but actually found 403
USER	get countries	END	1643120496858
USER	get countries	START	1643120496859
REQUEST		get countries	1643120496107	1643120497005	KO	status.find.is(200), but actually found 403
USER	get countries	END	1643120497006
USER	get countries	START	1643120497007
REQUEST		get countries	1643120496206	1643120497023	KO	status.find.is(200), but actually found 403
USER	get countries	END	1643120497024
USER	get countries	START	1643120497025
REQUEST		get countries	1643120496297	1643120497175	KO	status.find.is(200), but actually found 403
USER	get countries	END	1643120497177
USER	get countries	START	1643120497177
REQUEST		get countries	1643120496417	1643120497434	KO	status.find.is(200), but actually found 403
USER	get countries	END	1643120497436
REQUEST		get countries	1643120496517	1643120497435	KO	status.find.is(200), but actually found 403
USER	get countries	START	1643120497436
USER	get countries	END	1643120497437
USER	get countries	START	1643120497437
REQUEST		get countries	1643120496617	1643120497479	KO	status.find.is(200), but actually found 403
USER	get countries	END	1643120497481
USER	get countries	START	1643120497481
REQUEST		get countries	1643120496717	1643120497509	KO	status.find.is(200), but actually found 403
USER	get countries	END	1643120497511
USER	get countries	START	1643120497511
REQUEST		get countries	1643120496817	1643120497692	KO	status.find.is(200), but actually found 403
USER	get countries	END	1643120497694
USER	get countries	START	1643120497694
REQUEST		get countries	1643120497016	1643120497825	KO	status.find.is(200), but actually found 403
USER	get countries	END	1643120497827
USER	get countries	START	1643120497827
REQUEST		get countries	1643120496916	1643120497828	KO	status.find.is(200), but actually found 403
USER	get countries	END	1643120497835
USER	get countries	START	1643120497836
REQUEST		get countries	1643120497116	1643120497980	KO	status.find.is(200), but actually found 403
USER	get countries	END	1643120497982
USER	get countries	START	1643120497983
REQUEST		get countries	1643120497216	1643120498054	KO	status.find.is(200), but actually found 403
USER	get countries	END	1643120498055
USER	get countries	START	1643120498056
REQUEST		get countries	1643120497297	1643120498074	KO	status.find.is(200), but actually found 403
USER	get countries	END	1643120498076
USER	get countries	START	1643120498077
REQUEST		get countries	1643120497417	1643120498367	KO	status.find.is(200), but actually found 403
USER	get countries	END	1643120498370
USER	get countries	START	1643120498371
REQUEST		get countries	1643120497617	1643120498382	KO	status.find.is(200), but actually found 403
USER	get countries	END	1643120498386
USER	get countries	START	1643120498387
REQUEST		get countries	1643120497517	1643120498412	KO	status.find.is(200), but actually found 403
USER	get countries	END	1643120498413
USER	get countries	START	1643120498414
REQUEST		get countries	1643120497717	1643120498538	KO	status.find.is(200), but actually found 403
USER	get countries	END	1643120498541
USER	get countries	START	1643120498542
REQUEST		get countries	1643120497916	1643120498726	KO	status.find.is(200), but actually found 403
USER	get countries	END	1643120498728
USER	get countries	START	1643120498729
REQUEST		get countries	1643120497817	1643120498760	KO	status.find.is(200), but actually found 403
USER	get countries	END	1643120498761
USER	get countries	START	1643120498763
REQUEST		get countries	1643120498117	1643120498893	KO	status.find.is(200), but actually found 403
USER	get countries	END	1643120498896
USER	get countries	START	1643120498897
REQUEST		get countries	1643120498016	1643120498928	KO	status.find.is(200), but actually found 403
USER	get countries	END	1643120498930
USER	get countries	START	1643120498930
REQUEST		get countries	1643120498217	1643120499025	KO	status.find.is(200), but actually found 403
USER	get countries	END	1643120499028
USER	get countries	START	1643120499029
REQUEST		get countries	1643120498298	1643120499184	KO	status.find.is(200), but actually found 403
USER	get countries	END	1643120499185
USER	get countries	START	1643120499186
REQUEST		get countries	1643120498416	1643120499292	KO	status.find.is(200), but actually found 403
USER	get countries	END	1643120499294
USER	get countries	START	1643120499295
REQUEST		get countries	1643120498516	1643120499359	KO	status.find.is(200), but actually found 403
USER	get countries	END	1643120499361
USER	get countries	START	1643120499361
REQUEST		get countries	1643120498617	1643120499495	KO	status.find.is(200), but actually found 403
USER	get countries	END	1643120499497
USER	get countries	START	1643120499497
REQUEST		get countries	1643120498717	1643120499499	KO	status.find.is(200), but actually found 403
USER	get countries	END	1643120499500
USER	get countries	START	1643120499500
REQUEST		get countries	1643120498817	1643120499673	KO	status.find.is(200), but actually found 403
USER	get countries	END	1643120499674
USER	get countries	START	1643120499675
REQUEST		get countries	1643120498917	1643120499726	KO	status.find.is(200), but actually found 403
USER	get countries	END	1643120499727
USER	get countries	START	1643120499727
REQUEST		get countries	1643120499016	1643120499842	KO	status.find.is(200), but actually found 403
USER	get countries	END	1643120499843
USER	get countries	START	1643120499843
REQUEST		get countries	1643120499116	1643120499916	KO	status.find.is(200), but actually found 403
USER	get countries	END	1643120499917
USER	get countries	START	1643120499917
REQUEST		get countries	1643120499217	1643120500005	KO	status.find.is(200), but actually found 403
USER	get countries	END	1643120500006
USER	get countries	START	1643120500007
REQUEST		get countries	1643120499287	1643120500193	KO	status.find.is(200), but actually found 403
USER	get countries	END	1643120500194
USER	get countries	START	1643120500195
REQUEST		get countries	1643120499407	1643120500277	KO	status.find.is(200), but actually found 403
USER	get countries	END	1643120500284
USER	get countries	START	1643120500285
REQUEST		get countries	1643120499506	1643120500347	KO	status.find.is(200), but actually found 403
USER	get countries	END	1643120500349
USER	get countries	START	1643120500349
REQUEST		get countries	1643120499606	1643120500405	KO	status.find.is(200), but actually found 403
USER	get countries	END	1643120500406
USER	get countries	START	1643120500407
REQUEST		get countries	1643120499707	1643120500508	KO	status.find.is(200), but actually found 403
USER	get countries	END	1643120500509
USER	get countries	START	1643120500510
REQUEST		get countries	1643120499807	1643120500581	KO	status.find.is(200), but actually found 403
USER	get countries	END	1643120500584
USER	get countries	START	1643120500585
REQUEST		get countries	1643120499906	1643120500699	KO	status.find.is(200), but actually found 403
USER	get countries	END	1643120500700
USER	get countries	START	1643120500701
REQUEST		get countries	1643120500006	1643120500821	KO	status.find.is(200), but actually found 403
USER	get countries	END	1643120500822
USER	get countries	START	1643120500823
REQUEST		get countries	1643120500106	1643120500897	KO	status.find.is(200), but actually found 403
USER	get countries	END	1643120500898
USER	get countries	START	1643120500899
REQUEST		get countries	1643120500206	1643120501005	KO	status.find.is(200), but actually found 403
USER	get countries	END	1643120501007
USER	get countries	START	1643120501007
REQUEST		get countries	1643120500287	1643120501061	KO	status.find.is(200), but actually found 403
USER	get countries	END	1643120501062
USER	get countries	START	1643120501062
REQUEST		get countries	1643120500407	1643120501224	KO	status.find.is(200), but actually found 403
USER	get countries	END	1643120501225
USER	get countries	START	1643120501226
REQUEST		get countries	1643120500506	1643120501334	KO	status.find.is(200), but actually found 403
USER	get countries	END	1643120501337
USER	get countries	START	1643120501338
REQUEST		get countries	1643120500606	1643120501387	KO	status.find.is(200), but actually found 403
USER	get countries	END	1643120501390
USER	get countries	START	1643120501390
REQUEST		get countries	1643120500706	1643120501542	KO	status.find.is(200), but actually found 403
USER	get countries	END	1643120501546
USER	get countries	START	1643120501547
REQUEST		get countries	1643120500806	1643120501666	KO	status.find.is(200), but actually found 403
USER	get countries	END	1643120501667
USER	get countries	START	1643120501668
REQUEST		get countries	1643120500907	1643120501724	KO	status.find.is(200), but actually found 403
USER	get countries	END	1643120501725
USER	get countries	START	1643120501726
REQUEST		get countries	1643120501007	1643120501874	KO	status.find.is(200), but actually found 403
USER	get countries	END	1643120501875
USER	get countries	START	1643120501875
REQUEST		get countries	1643120501106	1643120501903	KO	status.find.is(200), but actually found 403
USER	get countries	END	1643120501904
USER	get countries	START	1643120501905
REQUEST		get countries	1643120501206	1643120502055	KO	status.find.is(200), but actually found 403
USER	get countries	END	1643120502056
USER	get countries	START	1643120502056
REQUEST		get countries	1643120501287	1643120502070	KO	status.find.is(200), but actually found 403
USER	get countries	END	1643120502072
USER	get countries	START	1643120502072
REQUEST		get countries	1643120501407	1643120502251	KO	status.find.is(200), but actually found 403
USER	get countries	END	1643120502262
USER	get countries	START	1643120502263
REQUEST		get countries	1643120501506	1643120502354	KO	status.find.is(200), but actually found 403
USER	get countries	END	1643120502360
USER	get countries	START	1643120502361
REQUEST		get countries	1643120501606	1643120502417	KO	status.find.is(200), but actually found 403
USER	get countries	END	1643120502418
USER	get countries	START	1643120502419
REQUEST		get countries	1643120501806	1643120502598	KO	status.find.is(200), but actually found 403
USER	get countries	END	1643120502600
USER	get countries	START	1643120502600
REQUEST		get countries	1643120501706	1643120502613	KO	status.find.is(200), but actually found 403
USER	get countries	END	1643120502615
USER	get countries	START	1643120502616
REQUEST		get countries	1643120501907	1643120502723	KO	status.find.is(200), but actually found 403
USER	get countries	END	1643120502724
USER	get countries	START	1643120502725
REQUEST		get countries	1643120502007	1643120502785	KO	status.find.is(200), but actually found 403
USER	get countries	END	1643120502787
USER	get countries	START	1643120502788
REQUEST		get countries	1643120502107	1643120502913	KO	status.find.is(200), but actually found 403
USER	get countries	END	1643120502915
USER	get countries	START	1643120502916
REQUEST		get countries	1643120502207	1643120502998	KO	status.find.is(200), but actually found 403
USER	get countries	END	1643120502999
USER	get countries	START	1643120503000
REQUEST		get countries	1643120502297	1643120503117	KO	status.find.is(200), but actually found 403
USER	get countries	END	1643120503118
USER	get countries	START	1643120503119
REQUEST		get countries	1643120502416	1643120503207	KO	status.find.is(200), but actually found 403
USER	get countries	END	1643120503208
USER	get countries	START	1643120503209
REQUEST		get countries	1643120502517	1643120503297	KO	status.find.is(200), but actually found 403
USER	get countries	END	1643120503298
USER	get countries	START	1643120503299
REQUEST		get countries	1643120502617	1643120503500	KO	status.find.is(200), but actually found 403
USER	get countries	END	1643120503501
USER	get countries	START	1643120503502
REQUEST		get countries	1643120502817	1643120503670	KO	status.find.is(200), but actually found 403
USER	get countries	END	1643120503671
USER	get countries	START	1643120503672
REQUEST		get countries	1643120502717	1643120503677	KO	status.find.is(200), but actually found 403
USER	get countries	END	1643120503678
USER	get countries	START	1643120503679
REQUEST		get countries	1643120503016	1643120503781	KO	status.find.is(200), but actually found 403
USER	get countries	END	1643120503782
USER	get countries	START	1643120503783
REQUEST		get countries	1643120502917	1643120503796	KO	status.find.is(200), but actually found 403
USER	get countries	END	1643120503797
USER	get countries	START	1643120503797
REQUEST		get countries	1643120503116	1643120503921	KO	status.find.is(200), but actually found 403
USER	get countries	END	1643120503922
USER	get countries	START	1643120503923
REQUEST		get countries	1643120503216	1643120504060	KO	status.find.is(200), but actually found 403
USER	get countries	END	1643120504061
USER	get countries	START	1643120504061
REQUEST		get countries	1643120503287	1643120504128	KO	status.find.is(200), but actually found 403
USER	get countries	END	1643120504129
USER	get countries	START	1643120504130
REQUEST		get countries	1643120503406	1643120504177	KO	status.find.is(200), but actually found 403
USER	get countries	END	1643120504178
USER	get countries	START	1643120504179
REQUEST		get countries	1643120503506	1643120504289	KO	status.find.is(200), but actually found 403
USER	get countries	END	1643120504290
USER	get countries	START	1643120504291
REQUEST		get countries	1643120503606	1643120504432	KO	status.find.is(200), but actually found 403
USER	get countries	END	1643120504433
USER	get countries	START	1643120504434
REQUEST		get countries	1643120503707	1643120504491	KO	status.find.is(200), but actually found 403
USER	get countries	END	1643120504492
USER	get countries	START	1643120504493
REQUEST		get countries	1643120503807	1643120504629	KO	status.find.is(200), but actually found 403
USER	get countries	END	1643120504631
USER	get countries	START	1643120504634
REQUEST		get countries	1643120503907	1643120504747	KO	status.find.is(200), but actually found 403
USER	get countries	END	1643120504749
USER	get countries	START	1643120504750
REQUEST		get countries	1643120504107	1643120504879	KO	status.find.is(200), but actually found 403
USER	get countries	END	1643120504881
USER	get countries	START	1643120504882
REQUEST		get countries	1643120504007	1643120504929	KO	status.find.is(200), but actually found 403
USER	get countries	END	1643120504932
USER	get countries	START	1643120504933
REQUEST		get countries	1643120504206	1643120504989	KO	status.find.is(200), but actually found 403
USER	get countries	END	1643120504996
USER	get countries	START	1643120504997
REQUEST		get countries	1643120504287	1643120505123	KO	status.find.is(200), but actually found 403
USER	get countries	END	1643120505124
USER	get countries	START	1643120505125
REQUEST		get countries	1643120504506	1643120505310	KO	status.find.is(200), but actually found 403
USER	get countries	END	1643120505312
USER	get countries	START	1643120505312
REQUEST		get countries	1643120504607	1643120505375	KO	status.find.is(200), but actually found 403
USER	get countries	END	1643120505376
USER	get countries	START	1643120505377
REQUEST		get countries	1643120504406	1643120505405	KO	status.find.is(200), but actually found 403
USER	get countries	END	1643120505407
USER	get countries	START	1643120505407
REQUEST		get countries	1643120504707	1643120505513	KO	status.find.is(200), but actually found 403
USER	get countries	END	1643120505514
USER	get countries	START	1643120505516
REQUEST		get countries	1643120504806	1643120505609	KO	status.find.is(200), but actually found 403
USER	get countries	END	1643120505610
USER	get countries	START	1643120505611
REQUEST		get countries	1643120504907	1643120505791	KO	status.find.is(200), but actually found 403
USER	get countries	END	1643120505793
USER	get countries	START	1643120505793
REQUEST		get countries	1643120505007	1643120505861	KO	status.find.is(200), but actually found 403
USER	get countries	END	1643120505863
USER	get countries	START	1643120505863
REQUEST		get countries	1643120505106	1643120505966	KO	status.find.is(200), but actually found 403
USER	get countries	END	1643120505968
USER	get countries	START	1643120505968
REQUEST		get countries	1643120505206	1643120506014	KO	status.find.is(200), but actually found 403
USER	get countries	END	1643120506016
USER	get countries	START	1643120506016
REQUEST		get countries	1643120505296	1643120506106	KO	status.find.is(200), but actually found 403
USER	get countries	END	1643120506107
USER	get countries	START	1643120506107
REQUEST		get countries	1643120505417	1643120506237	KO	status.find.is(200), but actually found 403
USER	get countries	END	1643120506238
USER	get countries	START	1643120506239
REQUEST		get countries	1643120505517	1643120506318	KO	status.find.is(200), but actually found 403
USER	get countries	END	1643120506319
USER	get countries	START	1643120506320
REQUEST		get countries	1643120505616	1643120506387	KO	status.find.is(200), but actually found 403
USER	get countries	END	1643120506389
USER	get countries	START	1643120506390
REQUEST		get countries	1643120505716	1643120506562	KO	status.find.is(200), but actually found 403
USER	get countries	END	1643120506566
USER	get countries	START	1643120506567
REQUEST		get countries	1643120505816	1643120506591	KO	status.find.is(200), but actually found 403
USER	get countries	END	1643120506593
USER	get countries	START	1643120506593
REQUEST		get countries	1643120505916	1643120506704	KO	status.find.is(200), but actually found 403
USER	get countries	END	1643120506705
USER	get countries	START	1643120506706
REQUEST		get countries	1643120506017	1643120506813	KO	status.find.is(200), but actually found 403
USER	get countries	END	1643120506814
USER	get countries	START	1643120506814
REQUEST		get countries	1643120506117	1643120506880	KO	status.find.is(200), but actually found 403
USER	get countries	END	1643120506883
USER	get countries	START	1643120506884
REQUEST		get countries	1643120506216	1643120507022	KO	status.find.is(200), but actually found 403
USER	get countries	END	1643120507025
USER	get countries	START	1643120507025
REQUEST		get countries	1643120506297	1643120507122	KO	status.find.is(200), but actually found 403
USER	get countries	END	1643120507124
USER	get countries	START	1643120507124
REQUEST		get countries	1643120506416	1643120507341	KO	status.find.is(200), but actually found 403
USER	get countries	END	1643120507342
USER	get countries	START	1643120507343
REQUEST		get countries	1643120506516	1643120507370	KO	status.find.is(200), but actually found 403
USER	get countries	END	1643120507371
USER	get countries	START	1643120507372
REQUEST		get countries	1643120506617	1643120507422	KO	status.find.is(200), but actually found 403
USER	get countries	END	1643120507424
USER	get countries	START	1643120507425
REQUEST		get countries	1643120506717	1643120507506	KO	status.find.is(200), but actually found 403
USER	get countries	END	1643120507507
USER	get countries	START	1643120507508
REQUEST		get countries	1643120506816	1643120507693	KO	status.find.is(200), but actually found 403
USER	get countries	END	1643120507694
USER	get countries	START	1643120507694
REQUEST		get countries	1643120506917	1643120507712	KO	status.find.is(200), but actually found 403
USER	get countries	END	1643120507714
USER	get countries	START	1643120507714
REQUEST		get countries	1643120507017	1643120507867	KO	status.find.is(200), but actually found 403
USER	get countries	END	1643120507868
USER	get countries	START	1643120507869
REQUEST		get countries	1643120507216	1643120508018	KO	status.find.is(200), but actually found 403
USER	get countries	END	1643120508020
USER	get countries	START	1643120508020
REQUEST		get countries	1643120507287	1643120508059	KO	status.find.is(200), but actually found 403
USER	get countries	END	1643120508060
USER	get countries	START	1643120508060
REQUEST		get countries	1643120507117	1643120508067	KO	status.find.is(200), but actually found 403
USER	get countries	END	1643120508069
USER	get countries	START	1643120508069
REQUEST		get countries	1643120507407	1643120508237	KO	status.find.is(200), but actually found 403
USER	get countries	END	1643120508239
USER	get countries	START	1643120508239
REQUEST		get countries	1643120507507	1643120508350	KO	status.find.is(200), but actually found 403
USER	get countries	END	1643120508351
USER	get countries	START	1643120508351
REQUEST		get countries	1643120507607	1643120508395	KO	status.find.is(200), but actually found 403
USER	get countries	END	1643120508396
USER	get countries	START	1643120508397
REQUEST		get countries	1643120507707	1643120508481	KO	status.find.is(200), but actually found 403
USER	get countries	END	1643120508482
USER	get countries	START	1643120508483
REQUEST		get countries	1643120507806	1643120508653	KO	status.find.is(200), but actually found 403
USER	get countries	END	1643120508655
USER	get countries	START	1643120508655
REQUEST		get countries	1643120507906	1643120508810	KO	status.find.is(200), but actually found 403
USER	get countries	END	1643120508812
USER	get countries	START	1643120508813
REQUEST		get countries	1643120508006	1643120508875	KO	status.find.is(200), but actually found 403
USER	get countries	END	1643120508876
USER	get countries	START	1643120508877
REQUEST		get countries	1643120508107	1643120508881	KO	status.find.is(200), but actually found 403
USER	get countries	END	1643120508882
USER	get countries	START	1643120508882
REQUEST		get countries	1643120508207	1643120509007	KO	status.find.is(200), but actually found 403
USER	get countries	END	1643120509008
USER	get countries	START	1643120509008
REQUEST		get countries	1643120508287	1643120509110	KO	status.find.is(200), but actually found 403
USER	get countries	END	1643120509113
USER	get countries	START	1643120509113
REQUEST		get countries	1643120508507	1643120509273	KO	status.find.is(200), but actually found 403
USER	get countries	END	1643120509274
USER	get countries	START	1643120509275
REQUEST		get countries	1643120508407	1643120509319	KO	status.find.is(200), but actually found 403
USER	get countries	END	1643120509321
USER	get countries	START	1643120509322
REQUEST		get countries	1643120508607	1643120509411	KO	status.find.is(200), but actually found 403
USER	get countries	END	1643120509412
USER	get countries	START	1643120509413
REQUEST		get countries	1643120508806	1643120509610	KO	status.find.is(200), but actually found 403
USER	get countries	END	1643120509611
USER	get countries	START	1643120509611
REQUEST		get countries	1643120508706	1643120509778	KO	status.find.is(200), but actually found 403
USER	get countries	END	1643120509779
USER	get countries	START	1643120509779
REQUEST		get countries	1643120509006	1643120509782	KO	status.find.is(200), but actually found 403
USER	get countries	END	1643120509783
USER	get countries	START	1643120509784
REQUEST		get countries	1643120508906	1643120509792	KO	status.find.is(200), but actually found 403
USER	get countries	END	1643120509794
USER	get countries	START	1643120509795
REQUEST		get countries	1643120509106	1643120509970	KO	status.find.is(200), but actually found 403
USER	get countries	END	1643120509971
USER	get countries	START	1643120509972
REQUEST		get countries	1643120509297	1643120510076	KO	status.find.is(200), but actually found 403
USER	get countries	END	1643120510077
USER	get countries	START	1643120510078
REQUEST		get countries	1643120509206	1643120510086	KO	status.find.is(200), but actually found 403
USER	get countries	END	1643120510087
USER	get countries	START	1643120510087
REQUEST		get countries	1643120509417	1643120510266	KO	status.find.is(200), but actually found 403
USER	get countries	END	1643120510267
USER	get countries	START	1643120510267
REQUEST		get countries	1643120509517	1643120510375	KO	status.find.is(200), but actually found 403
USER	get countries	END	1643120510376
USER	get countries	START	1643120510376
REQUEST		get countries	1643120509617	1643120510464	KO	status.find.is(200), but actually found 403
USER	get countries	END	1643120510465
USER	get countries	START	1643120510465
REQUEST		get countries	1643120509717	1643120510538	KO	status.find.is(200), but actually found 403
USER	get countries	END	1643120510540
USER	get countries	START	1643120510540
REQUEST		get countries	1643120509817	1643120510612	KO	status.find.is(200), but actually found 403
USER	get countries	END	1643120510615
USER	get countries	START	1643120510616
REQUEST		get countries	1643120509916	1643120510698	KO	status.find.is(200), but actually found 403
USER	get countries	END	1643120510699
USER	get countries	START	1643120510699
REQUEST		get countries	1643120510016	1643120510836	KO	status.find.is(200), but actually found 403
USER	get countries	END	1643120510837
USER	get countries	START	1643120510838
REQUEST		get countries	1643120510116	1643120510892	KO	status.find.is(200), but actually found 403
USER	get countries	END	1643120510901
USER	get countries	START	1643120510901
REQUEST		get countries	1643120510216	1643120511043	KO	status.find.is(200), but actually found 403
USER	get countries	END	1643120511044
USER	get countries	START	1643120511045
REQUEST		get countries	1643120510297	1643120511081	KO	status.find.is(200), but actually found 403
USER	get countries	END	1643120511082
USER	get countries	START	1643120511083
REQUEST		get countries	1643120510417	1643120511213	KO	status.find.is(200), but actually found 403
USER	get countries	END	1643120511214
USER	get countries	START	1643120511215
REQUEST		get countries	1643120510517	1643120511374	KO	status.find.is(200), but actually found 403
USER	get countries	END	1643120511375
USER	get countries	START	1643120511376
REQUEST		get countries	1643120510617	1643120511413	KO	status.find.is(200), but actually found 403
USER	get countries	END	1643120511414
USER	get countries	START	1643120511415
REQUEST		get countries	1643120510716	1643120511573	KO	status.find.is(200), but actually found 403
USER	get countries	END	1643120511574
USER	get countries	START	1643120511575
REQUEST		get countries	1643120510816	1643120511650	KO	status.find.is(200), but actually found 403
USER	get countries	END	1643120511651
USER	get countries	START	1643120511652
REQUEST		get countries	1643120510916	1643120511693	KO	status.find.is(200), but actually found 403
USER	get countries	END	1643120511694
USER	get countries	START	1643120511695
REQUEST		get countries	1643120511016	1643120511832	KO	status.find.is(200), but actually found 403
USER	get countries	END	1643120511834
USER	get countries	START	1643120511834
REQUEST		get countries	1643120511116	1643120511903	KO	status.find.is(200), but actually found 403
USER	get countries	END	1643120511904
USER	get countries	START	1643120511905
REQUEST		get countries	1643120511217	1643120512006	KO	status.find.is(200), but actually found 403
USER	get countries	END	1643120512007
USER	get countries	START	1643120512008
REQUEST		get countries	1643120511297	1643120512114	KO	status.find.is(200), but actually found 403
USER	get countries	END	1643120512116
USER	get countries	START	1643120512116
REQUEST		get countries	1643120511417	1643120512245	KO	status.find.is(200), but actually found 403
USER	get countries	END	1643120512247
USER	get countries	START	1643120512247
REQUEST		get countries	1643120511517	1643120512321	KO	status.find.is(200), but actually found 403
USER	get countries	END	1643120512324
USER	get countries	START	1643120512327
REQUEST		get countries	1643120511617	1643120512388	KO	status.find.is(200), but actually found 403
USER	get countries	END	1643120512389
USER	get countries	START	1643120512390
REQUEST		get countries	1643120511716	1643120512557	KO	status.find.is(200), but actually found 403
USER	get countries	END	1643120512558
USER	get countries	START	1643120512559
REQUEST		get countries	1643120511816	1643120512608	KO	status.find.is(200), but actually found 403
USER	get countries	END	1643120512611
USER	get countries	START	1643120512611
REQUEST		get countries	1643120511917	1643120512775	KO	status.find.is(200), but actually found 403
USER	get countries	END	1643120512780
USER	get countries	START	1643120512781
REQUEST		get countries	1643120512016	1643120512904	KO	status.find.is(200), but actually found 403
USER	get countries	END	1643120512907
USER	get countries	START	1643120512910
REQUEST		get countries	1643120512116	1643120512931	KO	status.find.is(200), but actually found 403
USER	get countries	END	1643120512933
USER	get countries	START	1643120512934
REQUEST		get countries	1643120512297	1643120513069	KO	status.find.is(200), but actually found 403
USER	get countries	END	1643120513070
USER	get countries	START	1643120513070
REQUEST		get countries	1643120512216	1643120513119	KO	status.find.is(200), but actually found 403
USER	get countries	END	1643120513120
USER	get countries	START	1643120513121
REQUEST		get countries	1643120512417	1643120513225	KO	status.find.is(200), but actually found 403
USER	get countries	END	1643120513232
USER	get countries	START	1643120513233
REQUEST		get countries	1643120512517	1643120513285	KO	status.find.is(200), but actually found 403
USER	get countries	END	1643120513286
USER	get countries	START	1643120513287
REQUEST		get countries	1643120512617	1643120513393	KO	status.find.is(200), but actually found 403
USER	get countries	END	1643120513394
USER	get countries	START	1643120513394
REQUEST		get countries	1643120512717	1643120513495	KO	status.find.is(200), but actually found 403
USER	get countries	END	1643120513496
USER	get countries	START	1643120513497
REQUEST		get countries	1643120512817	1643120513591	KO	status.find.is(200), but actually found 403
USER	get countries	END	1643120513592
USER	get countries	START	1643120513592
REQUEST		get countries	1643120512916	1643120513688	KO	status.find.is(200), but actually found 403
USER	get countries	END	1643120513691
USER	get countries	START	1643120513692
REQUEST		get countries	1643120513016	1643120513858	KO	status.find.is(200), but actually found 403
USER	get countries	END	1643120513859
USER	get countries	START	1643120513859
REQUEST		get countries	1643120513116	1643120513898	KO	status.find.is(200), but actually found 403
USER	get countries	END	1643120513899
USER	get countries	START	1643120513899
REQUEST		get countries	1643120513216	1643120514051	KO	status.find.is(200), but actually found 403
USER	get countries	END	1643120514052
USER	get countries	START	1643120514053
REQUEST		get countries	1643120513286	1643120514146	KO	status.find.is(200), but actually found 403
USER	get countries	END	1643120514147
USER	get countries	START	1643120514148
REQUEST		get countries	1643120513407	1643120514172	KO	status.find.is(200), but actually found 403
USER	get countries	END	1643120514173
USER	get countries	START	1643120514174
